<?xml version="1.0" encoding="UTF-8"?>
<!-- Generated by org.testng.reporters.JUnitReportReporter -->
<testsuite hostname="DESKTOP-PDGU6GL" failures="0" tests="1" name="examples.JwtTest2" time="6.280" errors="0" timestamp="2023-09-29T07:33:30 BRT" skipped="0">
  <testcase classname="examples.JwtTest2" name="loginCliente" time="6.280"/>
  <system-out/>
</testsuite> <!-- examples.JwtTest2 -->
