<?xml version="1.0" encoding="UTF-8"?>
<!-- Generated by org.testng.reporters.JUnitReportReporter -->
<testsuite hostname="DESKTOP-PDGU6GL" failures="0" tests="1" name="examples.JwtTest" time="6.358" errors="0" timestamp="2023-09-29T08:03:00 BRT" skipped="0">
  <testcase classname="examples.JwtTest" name="loginCliente2" time="6.358"/>
  <system-out/>
</testsuite> <!-- examples.JwtTest -->
