<?xml version="1.0" encoding="UTF-8"?>
<!-- Generated by org.testng.reporters.JUnitReportReporter -->
<testsuite hostname="DESKTOP-PDGU6GL" failures="0" tests="1" name="examples.jwt_create" time="5.213" errors="0" timestamp="2023-09-29T06:51:40 BRT" skipped="0">
  <testcase classname="examples.jwt_create" name="loginPortalCliente" time="5.213"/>
  <system-out/>
</testsuite> <!-- examples.jwt_create -->
