<?xml version="1.0" encoding="UTF-8"?>
<!-- Generated by org.testng.reporters.JUnitReportReporter -->
<testsuite hostname="DESKTOP-PDGU6GL" failures="0" tests="1" name="examples.JwtTest" time="6.116" errors="0" timestamp="2023-09-29T07:43:56 BRT" skipped="0">
  <testcase classname="examples.JwtTest" name="loginCliente2" time="6.116"/>
  <system-out/>
</testsuite> <!-- examples.JwtTest -->
