<?xml version="1.0" encoding="UTF-8"?>
<!-- Generated by org.testng.reporters.JUnitReportReporter -->
<testsuite hostname="DESKTOP-PDGU6GL" failures="0" tests="1" name="examples.jwt" time="7.331" errors="0" timestamp="2023-09-29T06:35:49 BRT" skipped="0">
  <testcase classname="examples.jwt" name="loginPortalCliente" time="7.331"/>
  <system-out/>
</testsuite> <!-- examples.jwt -->
