<?xml version="1.0" encoding="UTF-8"?>
<!-- Generated by org.testng.reporters.JUnitReportReporter -->
<testsuite hostname="DESKTOP-PDGU6GL" failures="0" tests="1" name="examples.JwtCreate" time="13.563" errors="0" timestamp="2023-09-29T07:25:11 BRT" skipped="0">
  <testcase classname="examples.JwtCreate" name="loginCliente" time="13.563"/>
  <system-out/>
</testsuite> <!-- examples.JwtCreate -->
